2018-12-16 21:01:42,365 INFO  [log] 
2018-12-16 21:01:42,367 INFO  [log] 
2018-12-16 21:01:42,368 INFO  [log] 
2018-12-16 21:01:42,368 INFO  [log] 
2018-12-16 21:01:42,369 INFO  [log] 
2018-12-16 21:01:42,679 INFO  [log] ### Call kategorieDerLieferung :  ? ###
2018-12-16 21:01:42,679 INFO  [log] ### Call kategorieDerLieferung :  ? ###
2018-12-16 21:01:42,679 INFO  [log] ### Call kategorieDerLieferung :  ? ###
2018-12-16 21:01:42,679 INFO  [log] ### Call kategorieDerLieferung :  ? ###
2018-12-16 21:01:42,679 INFO  [log] ### Call kategorieDerLieferung :  ? ###
2018-12-16 21:01:42,686 INFO  [log] ### Call Lieferung By LoopIndex :  1 ###
2018-12-16 21:01:42,686 INFO  [log] ### Call Lieferung By LoopIndex :  1 ###
2018-12-16 21:01:42,686 INFO  [log] ### Call Lieferung By LoopIndex :  1 ###
2018-12-16 21:01:42,687 INFO  [log] ### Call Lieferung By LoopIndex :  1 ###
2018-12-16 21:01:42,690 INFO  [log] ### Call Lieferung By LoopIndex :  1 ###
2018-12-16 21:01:42,693 INFO  [log] ### LieferungTransferId : null  ###
2018-12-16 21:01:42,699 INFO  [log] ### LieferungTransferId : null  ###
2018-12-16 21:01:42,700 WARN  [log] ### Call Lieferung By LoopIndex 1 Not Exit ###
2018-12-16 21:01:42,700 INFO  [log] ### GotoStepByName : LoopIndexByListShipmentsTransferIdList.SCRIPT.CALL 
2018-12-16 21:01:42,701 INFO  [log] ### LieferungTransferId : null  ###
2018-12-16 21:01:42,701 INFO  [log] ### LieferungTransferId : null  ###
2018-12-16 21:01:42,703 WARN  [log] ### Call Lieferung By LoopIndex 1 Not Exit ###
2018-12-16 21:01:42,703 WARN  [log] ### Call Lieferung By LoopIndex 1 Not Exit ###
2018-12-16 21:01:42,703 INFO  [log] ### GotoStepByName : LoopIndexByListShipmentsTransferIdList.SCRIPT.CALL 
2018-12-16 21:01:42,703 INFO  [log] ### GotoStepByName : LoopIndexByListShipmentsTransferIdList.SCRIPT.CALL 
2018-12-16 21:01:42,704 WARN  [log] ### Call Lieferung By LoopIndex 1 Not Exit ###
2018-12-16 21:01:42,704 INFO  [log] ### GotoStepByName : LoopIndexByListShipmentsTransferIdList.SCRIPT.CALL 
2018-12-16 21:01:42,708 INFO  [log] ### LieferungTransferId : null  ###
2018-12-16 21:01:42,710 WARN  [log] ### Call Lieferung By LoopIndex 1 Not Exit ###
2018-12-16 21:01:42,710 INFO  [log] ### GotoStepByName : LoopIndexByListShipmentsTransferIdList.SCRIPT.CALL 
2018-12-16 21:01:43,431 INFO  [log] 
2018-12-16 21:01:43,435 INFO  [log] ### Call kategorieDerLieferung :  ? ###
2018-12-16 21:01:43,436 INFO  [log] ### Call Lieferung By LoopIndex :  1 ###
2018-12-16 21:01:43,437 INFO  [log] ### LieferungTransferId : null  ###
2018-12-16 21:01:43,438 WARN  [log] ### Call Lieferung By LoopIndex 1 Not Exit ###
2018-12-16 21:01:43,439 INFO  [log] ### GotoStepByName : LoopIndexByListShipmentsTransferIdList.SCRIPT.CALL 
2018-12-16 21:01:43,492 INFO  [log] 
2018-12-16 21:01:43,494 INFO  [log] ### Call kategorieDerLieferung :  ? ###
2018-12-16 21:01:43,494 INFO  [log] ### Call Lieferung By LoopIndex :  1 ###
2018-12-16 21:01:43,495 INFO  [log] ### LieferungTransferId : null  ###
2018-12-16 21:01:43,496 WARN  [log] ### Call Lieferung By LoopIndex 1 Not Exit ###
2018-12-16 21:01:43,496 INFO  [log] ### GotoStepByName : LoopIndexByListShipmentsTransferIdList.SCRIPT.CALL 
2018-12-16 21:01:43,558 INFO  [log] 
2018-12-16 21:01:43,559 INFO  [log] ### Call kategorieDerLieferung :  ? ###
2018-12-16 21:01:43,560 INFO  [log] ### Call Lieferung By LoopIndex :  1 ###
2018-12-16 21:01:43,560 INFO  [log] ### LieferungTransferId : null  ###
2018-12-16 21:01:43,562 WARN  [log] ### Call Lieferung By LoopIndex 1 Not Exit ###
2018-12-16 21:01:43,562 INFO  [log] ### GotoStepByName : LoopIndexByListShipmentsTransferIdList.SCRIPT.CALL 
2018-12-16 21:01:43,637 INFO  [log] 
2018-12-16 21:01:43,638 INFO  [log] ### Call kategorieDerLieferung :  ? ###
2018-12-16 21:01:43,639 INFO  [log] ### Call Lieferung By LoopIndex :  1 ###
2018-12-16 21:01:43,640 INFO  [log] ### LieferungTransferId : null  ###
2018-12-16 21:01:43,641 WARN  [log] ### Call Lieferung By LoopIndex 1 Not Exit ###
2018-12-16 21:01:43,642 INFO  [log] ### GotoStepByName : LoopIndexByListShipmentsTransferIdList.SCRIPT.CALL 
2018-12-16 21:01:43,652 INFO  [log] 
2018-12-16 21:01:43,654 INFO  [log] ### Call kategorieDerLieferung :  ? ###
2018-12-16 21:01:43,655 INFO  [log] ### Call Lieferung By LoopIndex :  1 ###
2018-12-16 21:01:43,656 INFO  [log] ### LieferungTransferId : null  ###
2018-12-16 21:01:43,657 WARN  [log] ### Call Lieferung By LoopIndex 1 Not Exit ###
2018-12-16 21:01:43,657 INFO  [log] ### GotoStepByName : LoopIndexByListShipmentsTransferIdList.SCRIPT.CALL 
2018-12-16 21:01:44,081 INFO  [log] 
2018-12-16 21:01:44,084 INFO  [log] ### Call kategorieDerLieferung :  ? ###
2018-12-16 21:01:44,084 INFO  [log] ### Call Lieferung By LoopIndex :  1 ###
2018-12-16 21:01:44,087 INFO  [log] ### LieferungTransferId : null  ###
2018-12-16 21:01:44,088 WARN  [log] ### Call Lieferung By LoopIndex 1 Not Exit ###
2018-12-16 21:01:44,088 INFO  [log] ### GotoStepByName : LoopIndexByListShipmentsTransferIdList.SCRIPT.CALL 
2018-12-16 21:01:44,108 INFO  [log] 
2018-12-16 21:01:44,109 INFO  [log] ### Call kategorieDerLieferung :  ? ###
2018-12-16 21:01:44,110 INFO  [log] ### Call Lieferung By LoopIndex :  1 ###
2018-12-16 21:01:44,111 INFO  [log] ### LieferungTransferId : null  ###
2018-12-16 21:01:44,112 WARN  [log] ### Call Lieferung By LoopIndex 1 Not Exit ###
2018-12-16 21:01:44,112 INFO  [log] ### GotoStepByName : LoopIndexByListShipmentsTransferIdList.SCRIPT.CALL 
2018-12-16 21:01:44,209 INFO  [log] 
2018-12-16 21:01:44,210 INFO  [log] ### Call kategorieDerLieferung :  ? ###
2018-12-16 21:01:44,211 INFO  [log] ### Call Lieferung By LoopIndex :  1 ###
2018-12-16 21:01:44,212 INFO  [log] ### LieferungTransferId : null  ###
2018-12-16 21:01:44,213 WARN  [log] ### Call Lieferung By LoopIndex 1 Not Exit ###
2018-12-16 21:01:44,213 INFO  [log] ### GotoStepByName : LoopIndexByListShipmentsTransferIdList.SCRIPT.CALL 
2018-12-16 21:01:44,463 INFO  [log] 
2018-12-16 21:01:44,464 INFO  [log] ### Call kategorieDerLieferung :  ? ###
2018-12-16 21:01:44,464 INFO  [log] ### Call Lieferung By LoopIndex :  1 ###
2018-12-16 21:01:44,465 INFO  [log] ### LieferungTransferId : null  ###
2018-12-16 21:01:44,465 WARN  [log] ### Call Lieferung By LoopIndex 1 Not Exit ###
2018-12-16 21:01:44,473 INFO  [log] ### GotoStepByName : LoopIndexByListShipmentsTransferIdList.SCRIPT.CALL 
2018-12-16 21:01:44,652 INFO  [log] 
2018-12-16 21:01:44,655 INFO  [log] ### Call kategorieDerLieferung :  ? ###
2018-12-16 21:01:44,655 INFO  [log] ### Call Lieferung By LoopIndex :  1 ###
2018-12-16 21:01:44,656 INFO  [log] ### LieferungTransferId : null  ###
2018-12-16 21:01:44,658 WARN  [log] ### Call Lieferung By LoopIndex 1 Not Exit ###
2018-12-16 21:01:44,658 INFO  [log] ### GotoStepByName : LoopIndexByListShipmentsTransferIdList.SCRIPT.CALL 
2018-12-16 21:01:44,708 INFO  [log] 
2018-12-16 21:01:44,710 INFO  [log] ### Call kategorieDerLieferung :  ? ###
2018-12-16 21:01:44,710 INFO  [log] ### Call Lieferung By LoopIndex :  1 ###
2018-12-16 21:01:44,712 INFO  [log] ### LieferungTransferId : null  ###
2018-12-16 21:01:44,713 WARN  [log] ### Call Lieferung By LoopIndex 1 Not Exit ###
2018-12-16 21:01:44,713 INFO  [log] ### GotoStepByName : LoopIndexByListShipmentsTransferIdList.SCRIPT.CALL 
2018-12-16 21:01:45,043 INFO  [log] 
2018-12-16 21:01:45,045 INFO  [log] ### Call kategorieDerLieferung :  ? ###
2018-12-16 21:01:45,045 INFO  [log] ### Call Lieferung By LoopIndex :  1 ###
2018-12-16 21:01:45,047 INFO  [log] ### LieferungTransferId : null  ###
2018-12-16 21:01:45,048 WARN  [log] ### Call Lieferung By LoopIndex 1 Not Exit ###
2018-12-16 21:01:45,048 INFO  [log] ### GotoStepByName : LoopIndexByListShipmentsTransferIdList.SCRIPT.CALL 
2018-12-16 21:01:45,073 INFO  [log] 
2018-12-16 21:01:45,075 INFO  [log] ### Call kategorieDerLieferung :  ? ###
2018-12-16 21:01:45,075 INFO  [log] ### Call Lieferung By LoopIndex :  1 ###
2018-12-16 21:01:45,076 INFO  [log] ### LieferungTransferId : null  ###
2018-12-16 21:01:45,077 WARN  [log] ### Call Lieferung By LoopIndex 1 Not Exit ###
2018-12-16 21:01:45,077 INFO  [log] ### GotoStepByName : LoopIndexByListShipmentsTransferIdList.SCRIPT.CALL 
2018-12-16 21:01:45,119 INFO  [log] 
2018-12-16 21:01:45,120 INFO  [log] ### Call kategorieDerLieferung :  ? ###
2018-12-16 21:01:45,120 INFO  [log] ### Call Lieferung By LoopIndex :  1 ###
2018-12-16 21:01:45,121 INFO  [log] ### LieferungTransferId : null  ###
2018-12-16 21:01:45,121 WARN  [log] ### Call Lieferung By LoopIndex 1 Not Exit ###
2018-12-16 21:01:45,121 INFO  [log] ### GotoStepByName : LoopIndexByListShipmentsTransferIdList.SCRIPT.CALL 
2018-12-16 21:01:45,318 INFO  [log] 
2018-12-16 21:01:45,320 INFO  [log] ### Call kategorieDerLieferung :  ? ###
2018-12-16 21:01:45,320 INFO  [log] ### Call Lieferung By LoopIndex :  1 ###
2018-12-16 21:01:45,322 INFO  [log] ### LieferungTransferId : null  ###
2018-12-16 21:01:45,323 WARN  [log] ### Call Lieferung By LoopIndex 1 Not Exit ###
2018-12-16 21:01:45,323 INFO  [log] ### GotoStepByName : LoopIndexByListShipmentsTransferIdList.SCRIPT.CALL 
2018-12-16 21:01:45,395 INFO  [log] 
2018-12-16 21:01:45,396 INFO  [log] ### Call kategorieDerLieferung :  ? ###
2018-12-16 21:01:45,396 INFO  [log] ### Call Lieferung By LoopIndex :  1 ###
2018-12-16 21:01:45,397 INFO  [log] ### LieferungTransferId : null  ###
2018-12-16 21:01:45,398 WARN  [log] ### Call Lieferung By LoopIndex 1 Not Exit ###
2018-12-16 21:01:45,398 INFO  [log] ### GotoStepByName : LoopIndexByListShipmentsTransferIdList.SCRIPT.CALL 
2018-12-16 21:01:45,731 INFO  [log] 
2018-12-16 21:01:45,734 INFO  [log] ### Call kategorieDerLieferung :  ? ###
2018-12-16 21:01:45,734 INFO  [log] ### Call Lieferung By LoopIndex :  1 ###
2018-12-16 21:01:45,735 INFO  [log] ### LieferungTransferId : null  ###
2018-12-16 21:01:45,735 WARN  [log] ### Call Lieferung By LoopIndex 1 Not Exit ###
2018-12-16 21:01:45,735 INFO  [log] ### GotoStepByName : LoopIndexByListShipmentsTransferIdList.SCRIPT.CALL 
2018-12-16 21:01:45,861 INFO  [log] 
2018-12-16 21:01:45,862 INFO  [log] ### Call kategorieDerLieferung :  ? ###
2018-12-16 21:01:45,862 INFO  [log] ### Call Lieferung By LoopIndex :  1 ###
2018-12-16 21:01:45,863 INFO  [log] ### LieferungTransferId : null  ###
2018-12-16 21:01:45,864 WARN  [log] ### Call Lieferung By LoopIndex 1 Not Exit ###
2018-12-16 21:01:45,864 INFO  [log] ### GotoStepByName : LoopIndexByListShipmentsTransferIdList.SCRIPT.CALL 
2018-12-16 21:01:46,115 INFO  [log] 
2018-12-16 21:01:46,118 INFO  [log] ### Call kategorieDerLieferung :  ? ###
2018-12-16 21:01:46,118 INFO  [log] ### Call Lieferung By LoopIndex :  1 ###
2018-12-16 21:01:46,119 INFO  [log] 
2018-12-16 21:01:46,119 INFO  [log] ### LieferungTransferId : null  ###
2018-12-16 21:01:46,120 WARN  [log] ### Call Lieferung By LoopIndex 1 Not Exit ###
2018-12-16 21:01:46,120 INFO  [log] ### GotoStepByName : LoopIndexByListShipmentsTransferIdList.SCRIPT.CALL 
2018-12-16 21:01:46,124 INFO  [log] ### Call kategorieDerLieferung :  ? ###
2018-12-16 21:01:46,124 INFO  [log] ### Call Lieferung By LoopIndex :  1 ###
2018-12-16 21:01:46,125 INFO  [log] ### LieferungTransferId : null  ###
2018-12-16 21:01:46,126 WARN  [log] ### Call Lieferung By LoopIndex 1 Not Exit ###
2018-12-16 21:01:46,126 INFO  [log] ### GotoStepByName : LoopIndexByListShipmentsTransferIdList.SCRIPT.CALL 
2018-12-16 21:01:46,340 INFO  [log] 
2018-12-16 21:01:46,341 INFO  [log] ### Call kategorieDerLieferung :  ? ###
2018-12-16 21:01:46,341 INFO  [log] ### Call Lieferung By LoopIndex :  1 ###
2018-12-16 21:01:46,343 INFO  [log] ### LieferungTransferId : null  ###
2018-12-16 21:01:46,344 WARN  [log] ### Call Lieferung By LoopIndex 1 Not Exit ###
2018-12-16 21:01:46,345 INFO  [log] ### GotoStepByName : LoopIndexByListShipmentsTransferIdList.SCRIPT.CALL 
2018-12-16 21:01:46,771 INFO  [log] 
2018-12-16 21:01:46,772 INFO  [log] ### Call kategorieDerLieferung :  ? ###
2018-12-16 21:01:46,772 INFO  [log] ### Call Lieferung By LoopIndex :  1 ###
2018-12-16 21:01:46,773 INFO  [log] ### LieferungTransferId : null  ###
2018-12-16 21:01:46,775 WARN  [log] ### Call Lieferung By LoopIndex 1 Not Exit ###
2018-12-16 21:01:46,775 INFO  [log] ### GotoStepByName : LoopIndexByListShipmentsTransferIdList.SCRIPT.CALL 
2018-12-16 21:01:46,779 INFO  [log] 
2018-12-16 21:01:46,780 INFO  [log] ### Call kategorieDerLieferung :  ? ###
2018-12-16 21:01:46,780 INFO  [log] ### Call Lieferung By LoopIndex :  1 ###
2018-12-16 21:01:46,783 INFO  [log] ### LieferungTransferId : null  ###
2018-12-16 21:01:46,784 WARN  [log] ### Call Lieferung By LoopIndex 1 Not Exit ###
2018-12-16 21:01:46,784 INFO  [log] ### GotoStepByName : LoopIndexByListShipmentsTransferIdList.SCRIPT.CALL 
2018-12-16 21:01:46,842 INFO  [log] 
2018-12-16 21:01:46,843 INFO  [log] ### Call kategorieDerLieferung :  ? ###
2018-12-16 21:01:46,843 INFO  [log] ### Call Lieferung By LoopIndex :  1 ###
2018-12-16 21:01:46,845 INFO  [log] ### LieferungTransferId : null  ###
2018-12-16 21:01:46,846 WARN  [log] ### Call Lieferung By LoopIndex 1 Not Exit ###
2018-12-16 21:01:46,846 INFO  [log] ### GotoStepByName : LoopIndexByListShipmentsTransferIdList.SCRIPT.CALL 
2018-12-16 21:01:46,876 INFO  [log] 
2018-12-16 21:01:46,877 INFO  [log] ### Call kategorieDerLieferung :  ? ###
2018-12-16 21:01:46,877 INFO  [log] ### Call Lieferung By LoopIndex :  1 ###
2018-12-16 21:01:46,877 INFO  [log] ### LieferungTransferId : null  ###
2018-12-16 21:01:46,878 WARN  [log] ### Call Lieferung By LoopIndex 1 Not Exit ###
2018-12-16 21:01:46,878 INFO  [log] ### GotoStepByName : LoopIndexByListShipmentsTransferIdList.SCRIPT.CALL 
2018-12-16 21:01:47,375 INFO  [log] 
2018-12-16 21:01:47,378 INFO  [log] ### Call kategorieDerLieferung :  ? ###
2018-12-16 21:01:47,378 INFO  [log] ### Call Lieferung By LoopIndex :  1 ###
2018-12-16 21:01:47,379 INFO  [log] ### LieferungTransferId : null  ###
2018-12-16 21:01:47,380 WARN  [log] ### Call Lieferung By LoopIndex 1 Not Exit ###
2018-12-16 21:01:47,380 INFO  [log] ### GotoStepByName : LoopIndexByListShipmentsTransferIdList.SCRIPT.CALL 
2018-12-16 21:01:47,530 INFO  [log] 
2018-12-16 21:01:47,530 INFO  [log] ### Call kategorieDerLieferung :  ? ###
2018-12-16 21:01:47,531 INFO  [log] ### Call Lieferung By LoopIndex :  1 ###
2018-12-16 21:01:47,532 INFO  [log] ### LieferungTransferId : null  ###
2018-12-16 21:01:47,533 WARN  [log] ### Call Lieferung By LoopIndex 1 Not Exit ###
2018-12-16 21:01:47,533 INFO  [log] ### GotoStepByName : LoopIndexByListShipmentsTransferIdList.SCRIPT.CALL 
2018-12-16 21:01:47,728 INFO  [log] 
2018-12-16 21:01:47,729 INFO  [log] ### Call kategorieDerLieferung :  ? ###
2018-12-16 21:01:47,729 INFO  [log] ### Call Lieferung By LoopIndex :  1 ###
2018-12-16 21:01:47,731 INFO  [log] ### LieferungTransferId : null  ###
2018-12-16 21:01:47,733 WARN  [log] ### Call Lieferung By LoopIndex 1 Not Exit ###
2018-12-16 21:01:47,733 INFO  [log] ### GotoStepByName : LoopIndexByListShipmentsTransferIdList.SCRIPT.CALL 
2018-12-16 21:01:47,760 INFO  [log] 
2018-12-16 21:01:47,761 INFO  [log] ### Call kategorieDerLieferung :  ? ###
2018-12-16 21:01:47,761 INFO  [log] ### Call Lieferung By LoopIndex :  1 ###
2018-12-16 21:01:47,762 INFO  [log] ### LieferungTransferId : null  ###
2018-12-16 21:01:47,762 WARN  [log] ### Call Lieferung By LoopIndex 1 Not Exit ###
2018-12-16 21:01:47,762 INFO  [log] ### GotoStepByName : LoopIndexByListShipmentsTransferIdList.SCRIPT.CALL 
2018-12-16 21:01:47,835 INFO  [log] 
2018-12-16 21:01:47,836 INFO  [log] ### Call kategorieDerLieferung :  ? ###
2018-12-16 21:01:47,837 INFO  [log] ### Call Lieferung By LoopIndex :  1 ###
2018-12-16 21:01:47,837 INFO  [log] ### LieferungTransferId : null  ###
2018-12-16 21:01:47,839 WARN  [log] ### Call Lieferung By LoopIndex 1 Not Exit ###
2018-12-16 21:01:47,839 INFO  [log] ### GotoStepByName : LoopIndexByListShipmentsTransferIdList.SCRIPT.CALL 
2018-12-16 21:01:48,248 INFO  [log] 
2018-12-16 21:01:48,249 INFO  [log] ### Call kategorieDerLieferung :  ? ###
2018-12-16 21:01:48,249 INFO  [log] ### Call Lieferung By LoopIndex :  1 ###
2018-12-16 21:01:48,250 INFO  [log] ### LieferungTransferId : null  ###
2018-12-16 21:01:48,251 WARN  [log] ### Call Lieferung By LoopIndex 1 Not Exit ###
2018-12-16 21:01:48,251 INFO  [log] ### GotoStepByName : LoopIndexByListShipmentsTransferIdList.SCRIPT.CALL 
2018-12-16 21:01:48,286 INFO  [log] 
2018-12-16 21:01:48,287 INFO  [log] ### Call kategorieDerLieferung :  ? ###
2018-12-16 21:01:48,287 INFO  [log] ### Call Lieferung By LoopIndex :  1 ###
2018-12-16 21:01:48,288 INFO  [log] ### LieferungTransferId : null  ###
2018-12-16 21:01:48,289 WARN  [log] ### Call Lieferung By LoopIndex 1 Not Exit ###
2018-12-16 21:01:48,289 INFO  [log] ### GotoStepByName : LoopIndexByListShipmentsTransferIdList.SCRIPT.CALL 
2018-12-16 21:02:29,429 INFO  [log] 
2018-12-16 21:02:29,435 INFO  [log] 
2018-12-16 21:02:29,436 INFO  [log] 
2018-12-16 21:02:29,437 INFO  [log] 
2018-12-16 21:02:29,445 INFO  [log] 
2018-12-16 21:02:29,700 INFO  [log] ### Call kategorieDerLieferung :  ? ###
2018-12-16 21:02:29,700 INFO  [log] ### Call kategorieDerLieferung :  ? ###
2018-12-16 21:02:29,700 INFO  [log] ### Call kategorieDerLieferung :  ? ###
2018-12-16 21:02:29,700 INFO  [log] ### Call kategorieDerLieferung :  ? ###
2018-12-16 21:02:29,700 INFO  [log] ### Call kategorieDerLieferung :  ? ###
2018-12-16 21:02:29,705 INFO  [log] ### Call Lieferung By LoopIndex :  1 ###
2018-12-16 21:02:29,705 INFO  [log] ### Call Lieferung By LoopIndex :  1 ###
2018-12-16 21:02:29,705 INFO  [log] ### Call Lieferung By LoopIndex :  1 ###
2018-12-16 21:02:29,705 INFO  [log] ### Call Lieferung By LoopIndex :  1 ###
2018-12-16 21:02:29,705 INFO  [log] ### Call Lieferung By LoopIndex :  1 ###
2018-12-16 21:02:29,711 INFO  [log] ### LieferungTransferId : null  ###
2018-12-16 21:02:29,712 INFO  [log] ### LieferungTransferId : null  ###
2018-12-16 21:02:29,711 INFO  [log] ### LieferungTransferId : null  ###
2018-12-16 21:02:29,711 INFO  [log] ### LieferungTransferId : null  ###
2018-12-16 21:02:29,711 INFO  [log] ### LieferungTransferId : null  ###
2018-12-16 21:02:29,726 WARN  [log] ### Call Lieferung By LoopIndex 1 Not Exit ###
2018-12-16 21:02:29,727 INFO  [log] ### GotoStepByName : LoopIndexByListShipmentsTransferIdList.SCRIPT.CALL 
2018-12-16 21:02:29,729 WARN  [log] ### Call Lieferung By LoopIndex 1 Not Exit ###
2018-12-16 21:02:29,729 INFO  [log] ### GotoStepByName : LoopIndexByListShipmentsTransferIdList.SCRIPT.CALL 
2018-12-16 21:02:29,729 WARN  [log] ### Call Lieferung By LoopIndex 1 Not Exit ###
2018-12-16 21:02:29,730 INFO  [log] ### GotoStepByName : LoopIndexByListShipmentsTransferIdList.SCRIPT.CALL 
2018-12-16 21:02:29,730 WARN  [log] ### Call Lieferung By LoopIndex 1 Not Exit ###
2018-12-16 21:02:29,731 INFO  [log] ### GotoStepByName : LoopIndexByListShipmentsTransferIdList.SCRIPT.CALL 
2018-12-16 21:02:29,732 WARN  [log] ### Call Lieferung By LoopIndex 1 Not Exit ###
2018-12-16 21:02:29,733 INFO  [log] ### GotoStepByName : LoopIndexByListShipmentsTransferIdList.SCRIPT.CALL 
2018-12-16 21:02:30,306 INFO  [log] 
2018-12-16 21:02:30,314 INFO  [log] ### Call kategorieDerLieferung :  ? ###
2018-12-16 21:02:30,314 INFO  [log] ### Call Lieferung By LoopIndex :  1 ###
2018-12-16 21:02:30,315 INFO  [log] ### LieferungTransferId : null  ###
2018-12-16 21:02:30,316 WARN  [log] ### Call Lieferung By LoopIndex 1 Not Exit ###
2018-12-16 21:02:30,316 INFO  [log] ### GotoStepByName : LoopIndexByListShipmentsTransferIdList.SCRIPT.CALL 
2018-12-16 21:02:30,537 INFO  [log] 
2018-12-16 21:02:30,540 INFO  [log] ### Call kategorieDerLieferung :  ? ###
2018-12-16 21:02:30,540 INFO  [log] ### Call Lieferung By LoopIndex :  1 ###
2018-12-16 21:02:30,541 INFO  [log] ### LieferungTransferId : null  ###
2018-12-16 21:02:30,542 WARN  [log] ### Call Lieferung By LoopIndex 1 Not Exit ###
2018-12-16 21:02:30,542 INFO  [log] ### GotoStepByName : LoopIndexByListShipmentsTransferIdList.SCRIPT.CALL 
2018-12-16 21:02:30,642 INFO  [log] 
2018-12-16 21:02:30,644 INFO  [log] ### Call kategorieDerLieferung :  ? ###
2018-12-16 21:02:30,644 INFO  [log] ### Call Lieferung By LoopIndex :  1 ###
2018-12-16 21:02:30,645 INFO  [log] ### LieferungTransferId : null  ###
2018-12-16 21:02:30,646 WARN  [log] ### Call Lieferung By LoopIndex 1 Not Exit ###
2018-12-16 21:02:30,646 INFO  [log] ### GotoStepByName : LoopIndexByListShipmentsTransferIdList.SCRIPT.CALL 
2018-12-16 21:02:30,694 INFO  [log] 
2018-12-16 21:02:30,696 INFO  [log] ### Call kategorieDerLieferung :  ? ###
2018-12-16 21:02:30,696 INFO  [log] ### Call Lieferung By LoopIndex :  1 ###
2018-12-16 21:02:30,697 INFO  [log] ### LieferungTransferId : null  ###
2018-12-16 21:02:30,698 WARN  [log] ### Call Lieferung By LoopIndex 1 Not Exit ###
2018-12-16 21:02:30,698 INFO  [log] ### GotoStepByName : LoopIndexByListShipmentsTransferIdList.SCRIPT.CALL 
2018-12-16 21:02:30,733 INFO  [log] 
2018-12-16 21:02:30,734 INFO  [log] ### Call kategorieDerLieferung :  ? ###
2018-12-16 21:02:30,734 INFO  [log] ### Call Lieferung By LoopIndex :  1 ###
2018-12-16 21:02:30,736 INFO  [log] ### LieferungTransferId : null  ###
2018-12-16 21:02:30,737 WARN  [log] ### Call Lieferung By LoopIndex 1 Not Exit ###
2018-12-16 21:02:30,737 INFO  [log] ### GotoStepByName : LoopIndexByListShipmentsTransferIdList.SCRIPT.CALL 
2018-12-16 21:02:31,086 INFO  [log] 
2018-12-16 21:02:31,104 INFO  [log] ### Call kategorieDerLieferung :  ? ###
2018-12-16 21:02:31,104 INFO  [log] ### Call Lieferung By LoopIndex :  1 ###
2018-12-16 21:02:31,107 INFO  [log] ### LieferungTransferId : null  ###
2018-12-16 21:02:31,108 WARN  [log] ### Call Lieferung By LoopIndex 1 Not Exit ###
2018-12-16 21:02:31,108 INFO  [log] ### GotoStepByName : LoopIndexByListShipmentsTransferIdList.SCRIPT.CALL 
2018-12-16 21:02:31,179 INFO  [log] 
2018-12-16 21:02:31,180 INFO  [log] ### Call kategorieDerLieferung :  ? ###
2018-12-16 21:02:31,180 INFO  [log] ### Call Lieferung By LoopIndex :  1 ###
2018-12-16 21:02:31,181 INFO  [log] ### LieferungTransferId : null  ###
2018-12-16 21:02:31,182 WARN  [log] ### Call Lieferung By LoopIndex 1 Not Exit ###
2018-12-16 21:02:31,182 INFO  [log] ### GotoStepByName : LoopIndexByListShipmentsTransferIdList.SCRIPT.CALL 
2018-12-16 21:02:31,416 INFO  [log] 
2018-12-16 21:02:31,417 INFO  [log] ### Call kategorieDerLieferung :  ? ###
2018-12-16 21:02:31,417 INFO  [log] ### Call Lieferung By LoopIndex :  1 ###
2018-12-16 21:02:31,419 INFO  [log] ### LieferungTransferId : null  ###
2018-12-16 21:02:31,421 WARN  [log] ### Call Lieferung By LoopIndex 1 Not Exit ###
2018-12-16 21:02:31,421 INFO  [log] ### GotoStepByName : LoopIndexByListShipmentsTransferIdList.SCRIPT.CALL 
2018-12-16 21:02:31,522 INFO  [log] 
2018-12-16 21:02:31,523 INFO  [log] ### Call kategorieDerLieferung :  ? ###
2018-12-16 21:02:31,523 INFO  [log] ### Call Lieferung By LoopIndex :  1 ###
2018-12-16 21:02:31,524 INFO  [log] ### LieferungTransferId : null  ###
2018-12-16 21:02:31,525 WARN  [log] ### Call Lieferung By LoopIndex 1 Not Exit ###
2018-12-16 21:02:31,525 INFO  [log] ### GotoStepByName : LoopIndexByListShipmentsTransferIdList.SCRIPT.CALL 
2018-12-16 21:02:31,685 INFO  [log] 
2018-12-16 21:02:31,686 INFO  [log] ### Call kategorieDerLieferung :  ? ###
2018-12-16 21:02:31,687 INFO  [log] ### Call Lieferung By LoopIndex :  1 ###
2018-12-16 21:02:31,687 INFO  [log] ### LieferungTransferId : null  ###
2018-12-16 21:02:31,688 WARN  [log] ### Call Lieferung By LoopIndex 1 Not Exit ###
2018-12-16 21:02:31,688 INFO  [log] ### GotoStepByName : LoopIndexByListShipmentsTransferIdList.SCRIPT.CALL 
2018-12-16 21:02:31,900 INFO  [log] 
2018-12-16 21:02:31,901 INFO  [log] ### Call kategorieDerLieferung :  ? ###
2018-12-16 21:02:31,901 INFO  [log] ### Call Lieferung By LoopIndex :  1 ###
2018-12-16 21:02:31,903 INFO  [log] ### LieferungTransferId : null  ###
2018-12-16 21:02:31,904 WARN  [log] ### Call Lieferung By LoopIndex 1 Not Exit ###
2018-12-16 21:02:31,905 INFO  [log] ### GotoStepByName : LoopIndexByListShipmentsTransferIdList.SCRIPT.CALL 
2018-12-16 21:02:31,984 INFO  [log] 
2018-12-16 21:02:31,985 INFO  [log] ### Call kategorieDerLieferung :  ? ###
2018-12-16 21:02:31,986 INFO  [log] ### Call Lieferung By LoopIndex :  1 ###
2018-12-16 21:02:31,987 INFO  [log] ### LieferungTransferId : null  ###
2018-12-16 21:02:31,988 WARN  [log] ### Call Lieferung By LoopIndex 1 Not Exit ###
2018-12-16 21:02:31,988 INFO  [log] ### GotoStepByName : LoopIndexByListShipmentsTransferIdList.SCRIPT.CALL 
2018-12-16 21:02:45,104 INFO  [log] 
2018-12-16 21:02:45,334 INFO  [log] ### Call kategorieDerLieferung :  ? ###
2018-12-16 21:02:45,341 INFO  [log] ### Call Lieferung By LoopIndex :  1 ###
2018-12-16 21:02:45,350 INFO  [log] ### LieferungTransferId : null  ###
2018-12-16 21:02:45,357 WARN  [log] ### Call Lieferung By LoopIndex 1 Not Exit ###
2018-12-16 21:02:45,358 INFO  [log] ### GotoStepByName : LoopIndexByListShipmentsTransferIdList.SCRIPT.CALL 
