2018-12-16 19:15:24,309 ERROR [errorlog] java.net.MalformedURLException: no protocol: bipro-ws-mock-service-soapui-project.xml
java.net.MalformedURLException: no protocol: bipro-ws-mock-service-soapui-project.xml
	at java.net.URL.<init>(URL.java:593)
	at java.net.URL.<init>(URL.java:490)
	at java.net.URL.<init>(URL.java:439)
	at com.eviware.soapui.impl.wsdl.WsdlProject.<init>(WsdlProject.java:215)
	at com.eviware.soapui.impl.wsdl.WsdlProjectFactory.createNew(WsdlProjectFactory.java:41)
	at com.eviware.soapui.impl.wsdl.WsdlProjectFactory.createNew(WsdlProjectFactory.java:24)
	at com.eviware.soapui.tools.SoapUITestCaseRunner.runRunner(SoapUITestCaseRunner.java:337)
	at com.eviware.soapui.tools.AbstractSoapUIRunner.run(AbstractSoapUIRunner.java:158)
	at com.eviware.soapui.maven2.TestMojo.execute(TestMojo.java:113)
	at org.apache.maven.plugin.DefaultBuildPluginManager.executeMojo(DefaultBuildPluginManager.java:134)
	at org.apache.maven.lifecycle.internal.MojoExecutor.execute(MojoExecutor.java:207)
	at org.apache.maven.lifecycle.internal.MojoExecutor.execute(MojoExecutor.java:153)
	at org.apache.maven.lifecycle.internal.MojoExecutor.execute(MojoExecutor.java:145)
	at org.apache.maven.lifecycle.internal.LifecycleModuleBuilder.buildProject(LifecycleModuleBuilder.java:116)
	at org.apache.maven.lifecycle.internal.LifecycleModuleBuilder.buildProject(LifecycleModuleBuilder.java:80)
	at org.apache.maven.lifecycle.internal.builder.singlethreaded.SingleThreadedBuilder.build(SingleThreadedBuilder.java:51)
	at org.apache.maven.lifecycle.internal.LifecycleStarter.execute(LifecycleStarter.java:128)
	at org.apache.maven.DefaultMaven.doExecute(DefaultMaven.java:307)
	at org.apache.maven.DefaultMaven.doExecute(DefaultMaven.java:193)
	at org.apache.maven.DefaultMaven.execute(DefaultMaven.java:106)
	at org.apache.maven.cli.MavenCli.execute(MavenCli.java:863)
	at org.apache.maven.cli.MavenCli.doMain(MavenCli.java:288)
	at org.apache.maven.cli.MavenCli.main(MavenCli.java:199)
	at sun.reflect.NativeMethodAccessorImpl.invoke0(Native Method)
	at sun.reflect.NativeMethodAccessorImpl.invoke(NativeMethodAccessorImpl.java:62)
	at sun.reflect.DelegatingMethodAccessorImpl.invoke(DelegatingMethodAccessorImpl.java:43)
	at java.lang.reflect.Method.invoke(Method.java:498)
	at org.codehaus.plexus.classworlds.launcher.Launcher.launchEnhanced(Launcher.java:289)
	at org.codehaus.plexus.classworlds.launcher.Launcher.launch(Launcher.java:229)
	at org.codehaus.plexus.classworlds.launcher.Launcher.mainWithExitCode(Launcher.java:415)
	at org.codehaus.plexus.classworlds.launcher.Launcher.main(Launcher.java:356)
2018-12-16 19:15:44,872 ERROR [errorlog] java.net.MalformedURLException: no protocol: bipro-ws-mock-service-soapui-project.xml
java.net.MalformedURLException: no protocol: bipro-ws-mock-service-soapui-project.xml
	at java.net.URL.<init>(URL.java:593)
	at java.net.URL.<init>(URL.java:490)
	at java.net.URL.<init>(URL.java:439)
	at com.eviware.soapui.impl.wsdl.WsdlProject.<init>(WsdlProject.java:215)
	at com.eviware.soapui.impl.wsdl.WsdlProjectFactory.createNew(WsdlProjectFactory.java:41)
	at com.eviware.soapui.impl.wsdl.WsdlProjectFactory.createNew(WsdlProjectFactory.java:24)
	at com.eviware.soapui.tools.SoapUITestCaseRunner.runRunner(SoapUITestCaseRunner.java:337)
	at com.eviware.soapui.tools.AbstractSoapUIRunner.run(AbstractSoapUIRunner.java:158)
	at com.eviware.soapui.maven2.TestMojo.execute(TestMojo.java:113)
	at org.apache.maven.plugin.DefaultBuildPluginManager.executeMojo(DefaultBuildPluginManager.java:134)
	at org.apache.maven.lifecycle.internal.MojoExecutor.execute(MojoExecutor.java:207)
	at org.apache.maven.lifecycle.internal.MojoExecutor.execute(MojoExecutor.java:153)
	at org.apache.maven.lifecycle.internal.MojoExecutor.execute(MojoExecutor.java:145)
	at org.apache.maven.lifecycle.internal.LifecycleModuleBuilder.buildProject(LifecycleModuleBuilder.java:116)
	at org.apache.maven.lifecycle.internal.LifecycleModuleBuilder.buildProject(LifecycleModuleBuilder.java:80)
	at org.apache.maven.lifecycle.internal.builder.singlethreaded.SingleThreadedBuilder.build(SingleThreadedBuilder.java:51)
	at org.apache.maven.lifecycle.internal.LifecycleStarter.execute(LifecycleStarter.java:128)
	at org.apache.maven.DefaultMaven.doExecute(DefaultMaven.java:307)
	at org.apache.maven.DefaultMaven.doExecute(DefaultMaven.java:193)
	at org.apache.maven.DefaultMaven.execute(DefaultMaven.java:106)
	at org.apache.maven.cli.MavenCli.execute(MavenCli.java:863)
	at org.apache.maven.cli.MavenCli.doMain(MavenCli.java:288)
	at org.apache.maven.cli.MavenCli.main(MavenCli.java:199)
	at sun.reflect.NativeMethodAccessorImpl.invoke0(Native Method)
	at sun.reflect.NativeMethodAccessorImpl.invoke(NativeMethodAccessorImpl.java:62)
	at sun.reflect.DelegatingMethodAccessorImpl.invoke(DelegatingMethodAccessorImpl.java:43)
	at java.lang.reflect.Method.invoke(Method.java:498)
	at org.codehaus.plexus.classworlds.launcher.Launcher.launchEnhanced(Launcher.java:289)
	at org.codehaus.plexus.classworlds.launcher.Launcher.launch(Launcher.java:229)
	at org.codehaus.plexus.classworlds.launcher.Launcher.mainWithExitCode(Launcher.java:415)
	at org.codehaus.plexus.classworlds.launcher.Launcher.main(Launcher.java:356)
2018-12-16 19:38:57,715 ERROR [errorlog] com.eviware.soapui.impl.wsdl.mock.DispatchException: java.lang.NoClassDefFoundError: junit/framework/ComparisonFailure
com.eviware.soapui.impl.wsdl.mock.DispatchException: java.lang.NoClassDefFoundError: junit/framework/ComparisonFailure
	at com.eviware.soapui.impl.wsdl.mock.WsdlMockRunner.dispatchRequest(WsdlMockRunner.java:388)
	at com.eviware.soapui.monitor.JettyMockEngine$ServerHandler.handle(JettyMockEngine.java:715)
	at org.mortbay.jetty.handler.HandlerCollection.handle(HandlerCollection.java:114)
	at org.mortbay.jetty.handler.HandlerWrapper.handle(HandlerWrapper.java:152)
	at org.mortbay.jetty.Server.handle(Server.java:326)
	at org.mortbay.jetty.HttpConnection.handleRequest(HttpConnection.java:542)
	at org.mortbay.jetty.HttpConnection$RequestHandler.content(HttpConnection.java:945)
	at org.mortbay.jetty.HttpParser.parseNext(HttpParser.java:756)
	at org.mortbay.jetty.HttpParser.parseAvailable(HttpParser.java:218)
	at org.mortbay.jetty.HttpConnection.handle(HttpConnection.java:404)
	at org.mortbay.io.nio.SelectChannelEndPoint.run(SelectChannelEndPoint.java:410)
	at java.util.concurrent.ThreadPoolExecutor.runWorker(ThreadPoolExecutor.java:1142)
	at java.util.concurrent.ThreadPoolExecutor$Worker.run(ThreadPoolExecutor.java:617)
	at java.lang.Thread.run(Thread.java:745)
Caused by: java.lang.NoClassDefFoundError: junit/framework/ComparisonFailure
	at com.eviware.soapui.impl.wsdl.mock.WsdlMockRequest.readRequestContent(WsdlMockRequest.java:202)
	at com.eviware.soapui.impl.wsdl.mock.WsdlMockRequest.initPostRequest(WsdlMockRequest.java:123)
	at com.eviware.soapui.impl.wsdl.mock.WsdlMockRequest.<init>(WsdlMockRequest.java:107)
	at com.eviware.soapui.impl.wsdl.mock.WsdlMockRunner.dispatchRequest(WsdlMockRunner.java:368)
	... 13 more
Caused by: java.lang.ClassNotFoundException: junit.framework.ComparisonFailure
	at org.codehaus.plexus.classworlds.strategy.SelfFirstStrategy.loadClass(SelfFirstStrategy.java:50)
	at org.codehaus.plexus.classworlds.realm.ClassRealm.unsynchronizedLoadClass(ClassRealm.java:271)
	at org.codehaus.plexus.classworlds.realm.ClassRealm.loadClass(ClassRealm.java:247)
	at org.codehaus.plexus.classworlds.realm.ClassRealm.loadClass(ClassRealm.java:239)
	... 17 more
2018-12-16 19:38:59,563 ERROR [errorlog] java.lang.RuntimeException: net.sf.saxon.trans.XPathException: XPath syntax error at char 35 on line 2 in {...pmentsResponse//tran:Liefer...}:
    Prefix tran has not been declared
java.lang.RuntimeException: net.sf.saxon.trans.XPathException: XPath syntax error at char 35 on line 2 in {...pmentsResponse//tran:Liefer...}:
    Prefix tran has not been declared
	at org.apache.xmlbeans.impl.xpath.saxon.XBeansXPath.selectNodes(XBeansXPath.java:142)
	at org.apache.xmlbeans.impl.xpath.saxon.XBeansXPath.selectPath(XBeansXPath.java:148)
	at org.apache.xmlbeans.impl.store.Path$DelegatePathImpl$DelegatePathEngine.next(Path.java:541)
	at org.apache.xmlbeans.impl.store.Cursor._toSelection(Cursor.java:931)
	at org.apache.xmlbeans.impl.store.Cursor._toNextSelection(Cursor.java:920)
	at org.apache.xmlbeans.impl.store.Cursor.toNextSelection(Cursor.java:2670)
	at com.eviware.soapui.support.xml.XmlUtils.selectDomNodes(XmlUtils.java:1433)
	at com.eviware.soapui.support.xml.XmlUtils.selectNodeValues(XmlUtils.java:1393)
	at com.eviware.soapui.support.XmlHolder.getNodeValues(XmlHolder.java:100)
	at com.eviware.soapui.support.XmlHolder.get(XmlHolder.java:225)
	at groovy.lang.MetaClassImpl.getProperty(MetaClassImpl.java:1520)
	at groovy.lang.MetaClassImpl.getProperty(MetaClassImpl.java:3308)
	at org.codehaus.groovy.runtime.InvokerHelper.getProperty(InvokerHelper.java:161)
	at org.codehaus.groovy.runtime.DefaultGroovyMethods.getAt(DefaultGroovyMethods.java:202)
	at org.codehaus.groovy.runtime.dgm$247.invoke(Unknown Source)
	at org.codehaus.groovy.runtime.callsite.PojoMetaMethodSite$PojoMetaMethodSiteNoUnwrapNoCoerce.invoke(PojoMetaMethodSite.java:271)
	at org.codehaus.groovy.runtime.callsite.PojoMetaMethodSite.call(PojoMetaMethodSite.java:53)
	at org.codehaus.groovy.runtime.callsite.CallSiteArray.defaultCall(CallSiteArray.java:42)
	at org.codehaus.groovy.runtime.callsite.AbstractCallSite.call(AbstractCallSite.java:108)
	at org.codehaus.groovy.runtime.callsite.AbstractCallSite.call(AbstractCallSite.java:116)
	at Script1.run(Script1.groovy:7)
	at com.eviware.soapui.support.scripting.groovy.SoapUIGroovyScriptEngine.run(SoapUIGroovyScriptEngine.java:96)
	at com.eviware.soapui.impl.wsdl.teststeps.WsdlGroovyScriptTestStep.run(WsdlGroovyScriptTestStep.java:149)
	at com.eviware.soapui.impl.wsdl.support.AbstractTestCaseRunner.runTestStep(AbstractTestCaseRunner.java:239)
	at com.eviware.soapui.impl.wsdl.testcase.WsdlTestCaseRunner.runCurrentTestStep(WsdlTestCaseRunner.java:48)
	at com.eviware.soapui.impl.wsdl.support.AbstractTestCaseRunner.internalRun(AbstractTestCaseRunner.java:148)
	at com.eviware.soapui.impl.wsdl.support.AbstractTestCaseRunner.internalRun(AbstractTestCaseRunner.java:43)
	at com.eviware.soapui.impl.wsdl.support.AbstractTestRunner.run(AbstractTestRunner.java:135)
	at java.util.concurrent.Executors$RunnableAdapter.call(Executors.java:511)
	at java.util.concurrent.FutureTask.run(FutureTask.java:266)
	at java.util.concurrent.ThreadPoolExecutor.runWorker(ThreadPoolExecutor.java:1142)
	at java.util.concurrent.ThreadPoolExecutor$Worker.run(ThreadPoolExecutor.java:617)
	at java.lang.Thread.run(Thread.java:745)
Caused by: net.sf.saxon.trans.XPathException: XPath syntax error at char 35 on line 2 in {...pmentsResponse//tran:Liefer...}:
    Prefix tran has not been declared
	at net.sf.saxon.expr.ExpressionParser.grumble(ExpressionParser.java:149)
	at net.sf.saxon.expr.ExpressionParser.makeNameCode(ExpressionParser.java:2238)
	at net.sf.saxon.expr.ExpressionParser.makeNameTest(ExpressionParser.java:2342)
	at net.sf.saxon.expr.ExpressionParser.parseNodeTest(ExpressionParser.java:1438)
	at net.sf.saxon.expr.ExpressionParser.parseBasicStep(ExpressionParser.java:1331)
	at net.sf.saxon.expr.ExpressionParser.parseStepExpression(ExpressionParser.java:1213)
	at net.sf.saxon.expr.ExpressionParser.parseRemainingPath(ExpressionParser.java:1185)
	at net.sf.saxon.expr.ExpressionParser.parsePathExpression(ExpressionParser.java:1133)
	at net.sf.saxon.expr.ExpressionParser.parseUnaryExpression(ExpressionParser.java:1026)
	at net.sf.saxon.expr.ExpressionParser.parseCastExpression(ExpressionParser.java:691)
	at net.sf.saxon.expr.ExpressionParser.parseCastableExpression(ExpressionParser.java:646)
	at net.sf.saxon.expr.ExpressionParser.parseTreatExpression(ExpressionParser.java:627)
	at net.sf.saxon.expr.ExpressionParser.parseInstanceOfExpression(ExpressionParser.java:609)
	at net.sf.saxon.expr.ExpressionParser.parseIntersectExpression(ExpressionParser.java:1059)
	at net.sf.saxon.expr.ExpressionParser.parseUnionExpression(ExpressionParser.java:1041)
	at net.sf.saxon.expr.ExpressionParser.parseMultiplicativeExpression(ExpressionParser.java:978)
	at net.sf.saxon.expr.ExpressionParser.parseAdditiveExpression(ExpressionParser.java:958)
	at net.sf.saxon.expr.ExpressionParser.parseRangeExpression(ExpressionParser.java:876)
	at net.sf.saxon.expr.ExpressionParser.parseComparisonExpression(ExpressionParser.java:826)
	at net.sf.saxon.expr.ExpressionParser.parseAndExpression(ExpressionParser.java:423)
	at net.sf.saxon.expr.ExpressionParser.parseOrExpression(ExpressionParser.java:405)
	at net.sf.saxon.expr.ExpressionParser.parseExprSingle(ExpressionParser.java:354)
	at net.sf.saxon.expr.ExpressionParser.parseFunctionCall(ExpressionParser.java:1780)
	at net.sf.saxon.expr.ExpressionParser.parseBasicStep(ExpressionParser.java:1307)
	at net.sf.saxon.expr.ExpressionParser.parseStepExpression(ExpressionParser.java:1213)
	at net.sf.saxon.expr.ExpressionParser.parseRelativePath(ExpressionParser.java:1151)
	at net.sf.saxon.expr.ExpressionParser.parsePathExpression(ExpressionParser.java:1137)
	at net.sf.saxon.expr.ExpressionParser.parseUnaryExpression(ExpressionParser.java:1026)
	at net.sf.saxon.expr.ExpressionParser.parseCastExpression(ExpressionParser.java:691)
	at net.sf.saxon.expr.ExpressionParser.parseCastableExpression(ExpressionParser.java:646)
	at net.sf.saxon.expr.ExpressionParser.parseTreatExpression(ExpressionParser.java:627)
	at net.sf.saxon.expr.ExpressionParser.parseInstanceOfExpression(ExpressionParser.java:609)
	at net.sf.saxon.expr.ExpressionParser.parseIntersectExpression(ExpressionParser.java:1059)
	at net.sf.saxon.expr.ExpressionParser.parseUnionExpression(ExpressionParser.java:1041)
	at net.sf.saxon.expr.ExpressionParser.parseMultiplicativeExpression(ExpressionParser.java:978)
	at net.sf.saxon.expr.ExpressionParser.parseAdditiveExpression(ExpressionParser.java:958)
	at net.sf.saxon.expr.ExpressionParser.parseRangeExpression(ExpressionParser.java:876)
	at net.sf.saxon.expr.ExpressionParser.parseComparisonExpression(ExpressionParser.java:826)
	at net.sf.saxon.expr.ExpressionParser.parseAndExpression(ExpressionParser.java:423)
	at net.sf.saxon.expr.ExpressionParser.parseOrExpression(ExpressionParser.java:405)
	at net.sf.saxon.expr.ExpressionParser.parseExprSingle(ExpressionParser.java:354)
	at net.sf.saxon.expr.ExpressionParser.parseExpression(ExpressionParser.java:306)
	at net.sf.saxon.expr.ExpressionParser.parse(ExpressionParser.java:228)
	at net.sf.saxon.expr.ExpressionTool.make(ExpressionTool.java:73)
	at net.sf.saxon.sxpath.XPathEvaluator.createExpression(XPathEvaluator.java:167)
	at org.apache.xmlbeans.impl.xpath.saxon.XBeansXPath.selectNodes(XBeansXPath.java:111)
	... 32 more
